<?xml version="1.0" encoding="UTF-8"?>
<testsuite xmlns:xsi="http://www.w3.org/2001/XMLSchema-instance" xsi:noNamespaceSchemaLocation="https://maven.apache.org/surefire/maven-surefire-plugin/xsd/surefire-test-report-3.0.xsd" version="3.0" name="MainTest" time="0.229" tests="10" errors="0" skipped="0" failures="0">
  <properties>
[...]
</properties>
  <testcase name="testarCopiar" classname="MainTest" time="0.101">
    <system-out><![CDATA[Imagem copiada com sucesso para: /tmp/junit8316548140379034118/saida_copia.jpg
]]></system-out>
  </testcase>
  <testcase name="testarLaplaciano" classname="MainTest" time="0.011">
    <system-out><![CDATA[Laplaciano gerado: /tmp/junit1857917772508274296/saida_laplaciano_bruto.jpg e /tmp/junit1857917772508274296/saida_laplaciano_realce.jpg
]]></system-out>
  </testcase>
  <testcase name="testarLimiarizacao" classname="MainTest" time="0.011">
    <system-out><![CDATA[Limiarização aplicada com sucesso: /tmp/junit7801757481791793256/saida_limiar.jpg
]]></system-out>
  </testcase>
  <testcase name="testarAjusteContraste" classname="MainTest" time="0.009">
    <system-out><![CDATA[Contraste ajustado com sucesso: /tmp/junit17907124644030971291/saida_contraste.jpg
]]></system-out>
  </testcase>
  <testcase name="testarSuavizacao" classname="MainTest" time="0.011">
    <system-out><![CDATA[Suavização aplicada: /tmp/junit7812174060540181825/saida_suave.jpg
]]></system-out>
  </testcase>
  <testcase name="testarGerarHistograma" classname="MainTest" time="0.017">
    <system-out><![CDATA[Histograma salvo com sucesso em: images/output/histograma.csv
]]></system-out>
  </testcase>
  <testcase name="testarInspect" classname="MainTest" time="0.006">
    <system-out><![CDATA[width=10
height=10
channels=3
type=RGB
pixels=100
min=1
max=211
avg=107
]]></system-out>
  </testcase>
  <testcase name="testarAjusteBrilho" classname="MainTest" time="0.007">
    <system-out><![CDATA[Brilho ajustado com sucesso: /tmp/junit4644823809502321176/saida_brilho.jpg
]]></system-out>
  </testcase>
  <testcase name="testarNegativo" classname="MainTest" time="0.004">
    <system-out><![CDATA[Filtro negativo aplicado: /tmp/junit8583633810736649205/saida_negativo.jpg
]]></system-out>
  </testcase>
  <testcase name="testarSobel" classname="MainTest" time="0.005">
    <system-out><![CDATA[Filtros Sobel gerados com sucesso!
]]></system-out>
  </testcase>
</testsuite>